  gameAI.cpp
C:\gitDev\Yacht-Dice\YachtDice\YachtDice\gameAI.h(1,1): warning C4819: 현재 코드 페이지(949)에서 표시할 수 없는 문자가 파일에 들어 있습니다. 데이터가 손실되지 않게 하려면 해당 파일을 유니코드 형식으로 저장하십시오.
  (소스 파일 'gameAI.cpp'을(를) 컴파일하는 중)
  
C:\gitDev\Yacht-Dice\YachtDice\YachtDice\gameLogic.h(1,1): warning C4819: 현재 코드 페이지(949)에서 표시할 수 없는 문자가 파일에 들어 있습니다. 데이터가 손실되지 않게 하려면 해당 파일을 유니코드 형식으로 저장하십시오.
  (소스 파일 'gameAI.cpp'을(를) 컴파일하는 중)
  
  gameLogic.cpp
C:\gitDev\Yacht-Dice\YachtDice\YachtDice\gameLogic.h(1,1): warning C4819: 현재 코드 페이지(949)에서 표시할 수 없는 문자가 파일에 들어 있습니다. 데이터가 손실되지 않게 하려면 해당 파일을 유니코드 형식으로 저장하십시오.
  (소스 파일 'gameLogic.cpp'을(를) 컴파일하는 중)
  
  gamePlay.cpp
C:\gitDev\Yacht-Dice\YachtDice\YachtDice\gamePlay.h(1,1): warning C4819: 현재 코드 페이지(949)에서 표시할 수 없는 문자가 파일에 들어 있습니다. 데이터가 손실되지 않게 하려면 해당 파일을 유니코드 형식으로 저장하십시오.
  (소스 파일 'gamePlay.cpp'을(를) 컴파일하는 중)
  
C:\gitDev\Yacht-Dice\YachtDice\YachtDice\gameLogic.h(1,1): warning C4819: 현재 코드 페이지(949)에서 표시할 수 없는 문자가 파일에 들어 있습니다. 데이터가 손실되지 않게 하려면 해당 파일을 유니코드 형식으로 저장하십시오.
  (소스 파일 'gamePlay.cpp'을(를) 컴파일하는 중)
  
C:\gitDev\Yacht-Dice\YachtDice\YachtDice\gameAI.h(1,1): warning C4819: 현재 코드 페이지(949)에서 표시할 수 없는 문자가 파일에 들어 있습니다. 데이터가 손실되지 않게 하려면 해당 파일을 유니코드 형식으로 저장하십시오.
  (소스 파일 'gamePlay.cpp'을(를) 컴파일하는 중)
  
  gameUI.cpp
C:\gitDev\Yacht-Dice\YachtDice\YachtDice\gameLogic.h(1,1): warning C4819: 현재 코드 페이지(949)에서 표시할 수 없는 문자가 파일에 들어 있습니다. 데이터가 손실되지 않게 하려면 해당 파일을 유니코드 형식으로 저장하십시오.
  (소스 파일 'gameUI.cpp'을(를) 컴파일하는 중)
  
C:\gitDev\Yacht-Dice\YachtDice\YachtDice\gameUI.cpp(150,15): warning C4267: '초기화 중': 'size_t'에서 'int'(으)로 변환하면서 데이터가 손실될 수 있습니다.
  main.cpp
C:\gitDev\Yacht-Dice\YachtDice\YachtDice\gamePlay.h(1,1): warning C4819: 현재 코드 페이지(949)에서 표시할 수 없는 문자가 파일에 들어 있습니다. 데이터가 손실되지 않게 하려면 해당 파일을 유니코드 형식으로 저장하십시오.
  (소스 파일 'main.cpp'을(를) 컴파일하는 중)
  
C:\gitDev\Yacht-Dice\YachtDice\YachtDice\gameLogic.h(1,1): warning C4819: 현재 코드 페이지(949)에서 표시할 수 없는 문자가 파일에 들어 있습니다. 데이터가 손실되지 않게 하려면 해당 파일을 유니코드 형식으로 저장하십시오.
  (소스 파일 'main.cpp'을(를) 컴파일하는 중)
  
C:\gitDev\Yacht-Dice\YachtDice\YachtDice\gameAI.h(1,1): warning C4819: 현재 코드 페이지(949)에서 표시할 수 없는 문자가 파일에 들어 있습니다. 데이터가 손실되지 않게 하려면 해당 파일을 유니코드 형식으로 저장하십시오.
  (소스 파일 'main.cpp'을(를) 컴파일하는 중)
  
  코드를 생성하고 있습니다...
  LINK : C:\gitDev\Yacht-Dice\YachtDice\x64\Debug\YachtDice.exe을(를) 찾을 수 없거나 마지막 증분 링크에 의해 빌드되지 않았습니다. 전체 링크를 수행하고 있습니다.
  YachtDice.vcxproj -> C:\gitDev\Yacht-Dice\YachtDice\x64\Debug\YachtDice.exe
